EmployeeRemarks.add Объект типа «EmployeeRemark».
EmployeeRemarks.delete Метод ничего не возвращает.
EmployeeRemarks.list Массив объектов типа «EmployeeRemark».
EmployeeRemarks.show Объект типа «EmployeeRemark».
EmployeeRemarks.update Метод ничего не возвращает.
Tickets.add Объект типа «Ticket».
Tickets.list Массив объектов типа «Ticket».
Tickets.show Объект типа «Ticket».
Documents.list Массив объектов типа «Document».
Stats.departments Массив объектов типа «Department» с добавлением статистических данных.
Stats.sites Массив объектов типа «Site», с добавлением статистических данных.
Stats.employees Массив объектов типа «Employee» с добавлением статистических данных.
Stats.contacts Объект с полями, описанными в нижеследующей таблице.
Stats.summary None
Contacts.list Массив объектов типа «Contact».
Contacts.show Объект типа «Contact».
Carts.show Объект типа «Cart».
Carts.delete Метод ничего не возвращает.
Carts.commit Объект типа «Order».
Carts.addToPeriod Объект типа «Cart».
Carts.update Метод ничего не возвращает. 
Carts.add Объект типа «Cart».
Carts.list Массив объектов типа «Cart».
ConsoleNews.markRead Метод ничего не возвращает.
ConsoleNews.listLatest Массив объектов типа «ConsoleNews».
Comments.list Массив объектов типа «Comment».
Comments.show Объект типа «Comment».
Comments.add Объект типа «Comment».
DepartmentSiteBindings.delete Метод ничего не возвращает.
DepartmentSiteBindings.add Объект типа «DepartmentSiteBinding».
DepartmentSiteBindings.show Объект типа «DepartmentSiteBinding».
DepartmentSiteBindings.list Массив объектов типа «DepartmentSiteBinding».
DepartmentSiteBindings.update Метод ничего не возвращает.
EmployeeChats.list Массив объектов со следующими полями:
ChatButtons.list Массив объектов типа «ChatButton».
ChatButtons.show Объект типа «ChatButton».
ChatButtons.update Метод ничего не возвращает.
ChatButtons.add Объект типа «ChatButton».
ChatButtons.delete Метод ничего не возвращает.
Offerings.show Объект типа «Offering».
Offerings.list Массив объектов типа «Offering».
Conversations.show Объект типа «Conversation».
IgnoreListItems.list Массив объектов типа «IgnoreListItem».
IgnoreListItems.delete Метод ничего не возвращает.
Visitors.show Объект типа «Visitor».
CartItems.add Объект типа «CartItem».
CartItems.delete Метод ничего не возвращает.
CartItems.update Метод ничего не возвращает.
Complaints.show Объект типа «Complaint».
Complaints.list Массив объектов типа «Complaint».
Acceptances.list Массив объектов типа «Acceptance».
Acceptances.update Метод ничего не возвращает.
EmployeeOnlineIntervals.listByDepartment Массив объектов типа «Department» c добавление статистических данных.
EmployeeOnlineIntervals.listBySite Массив объектов типа «Site» c добавление статистических данных.
EmployeeOnlineIntervals.listByEmployee Массив объектов типа «Employee» c добавление статистических данных.
Сalls.show Объект типа «Call».
Сalls.list Массив объектов типа «Call».
HoldRules.update Метод ничего не возвращает.
HoldRules.show Объект типа «HoldRule».
HoldRules.list Массив объектов типа «HoldRule».
HoldRules.add Объект типа «HoldRule».
HoldRules.delete Метод ничего не возвращает.
QuickMessageCategories.show Объект типа «QuickMessageCategory».
QuickMessageCategories.add Объект типа «QuickMessageCategory».
QuickMessageCategories.list Массив объектов типа «QuickMessageCategory».
QuickMessageCategories.delete Метод ничего не возвращает.
QuickMessageCategories.update Метод ничего не возвращает.
EmployeeEvents.list Массив объектов типа «EmployeeEvent».
Roles.list Массив объектов типа «Role».
Settings.showFileTransferSettings Объект типа «FileTransferSettings».
Settings.updateAcceptanceByEmailSettings Методов ничего не возвращает.
Settings.showCallSettings Объект типа «CallSettings».
Settings.showEmployeeRemarkSettings Объект типа «EmployeeRemarkSettings».
Settings.updateTypingIndicatorSettings Методов ничего не возвращает.
Settings.updateFileTransferSettings Методов ничего не возвращает.
Settings.updateCallSettings Методов ничего не возвращает.
Settings.show Объект типа «Settings».
Settings.updateReportByEmailSettings Методов ничего не возвращает.
Settings.showCobrowseSettings Объект типа «CobrowseSettings».
Settings.showAcceptanceByEmailSettings Объект типа «AcceptanceByEmailSettings».
Settings.showReportByEmailSettings Объект типа «ReportByEmailSettings».
Settings.showTypingIndicatorSettings Объект типа «TypingIndicatorSettings».
Settings.updateEmployeeRemarkSettings Методов ничего не возвращает.
Settings.updateCobrowseSettings Методов ничего не возвращает.
Settings.showFeatureStates Объект типа «FeatureStates».
Employees.registerAddPromo Метод ничего не возвращает.
Employees.me Объект типа «Employee».
Employees.register Строковый идентификатор аккаунта LiveTex (LiveTex ID).
Employees.list Массив объектов типа «Employee».
Employees.add Объект типа «Employee».
Employees.registerConfirm Объект со следующими полями:
Employees.batchUpdate Массив объектов c ID, кодами и сообщениями об ошибке в порядке перечисления ID сотрудников в запросе.
Employees.setNewPassword Метод ничего не возвращает.
Employees.search Массив объектов типа «Employee».
Employees.resetPassword Метод ничего не возвращает.
Employees.show Объект типа «Employee».
Employees.update Метод ничего не возвращает.
Employees.delete Метод ничего не возвращает.
CallButtons.show Объект типа «CallButton».
CallButtons.delete Метод ничего не возвращает.
CallButtons.update Метод ничего не возвращает.
CallButtons.add Объект типа «CallButton».
CallButtons.list Массив объектов типа «CallButton».
MailBoxes.list Массив объектов типа «MailBox».
MailBoxes.add Объект типа «MailBox».
MailBoxes.delete Метод ничего не возвращает.
MailBoxes.update Метод ничего не возвращает.
MailBoxes.show Объект типа «MailBox».
Departments.delete Метод ничего не возвращает.
Departments.list Массив объектов типа «Department».
Departments.show Объект типа «Department».
Departments.update Метод ничего не возвращает.
Departments.add Объект типа «Department».
Sites.updateChatFormSettings Метод ничего не возвращает.
Sites.delete Метод ничего не возвращает.
Sites.showOfflineMailSettings Объект типа «OfflineMailSettings».
Sites.updateSiteXWidgetSettings Метод ничего не возвращает.
Sites.updateSiteChatSettings Метод ничего не возвращает.
Sites.updateChatWelcomeSettings Метод ничего не возвращает.
Sites.batchUpdateSiteXWidgetSettings Массив объектов c ID-сайта, кодами и сообщениями об ошибке в порядке перечисления ID сайтов в запросе.
Sites.update Метод ничего не возвращает.
Sites.updateCallLabelSettings Метод ничего не возвращает.
Sites.showCallLabelSettings Объект типа «CallLabelSettings».
Sites.unbindAllDepartments Метод ничего не возвращает.
Sites.showChatFormSettings Объект типа «ChatFormSettings».
Sites.showOfflineFormSettings Объект типа «OfflineFormSettings».
Sites.showSiteWidgetSettings Объект типа «SiteWidgetSettings».
Sites.show Объект типа «Site».
Sites.showChatWelcomeSettings Объект типа «ChatWelcomeSettings».
Sites.batchUpdate Массив объектов c ID, кодами и сообщениями об ошибке в порядке перечисления ID сайтов в запросе.
Sites.showLeadFormSettings Объект типа «LeadFormSettings».
Sites.updateSiteCallSettings Метод ничего не возвращает.
Sites.updateOfflineMailSettings Метод ничего не возвращает.
Sites.list Массив объектов типа «Site».
Sites.add Объект типа «Site».
Sites.updateLeadFormSettings Метод ничего не возвращает.
Sites.updateOfflineFormSettings Метод ничего не возвращает.
Sites.showSiteChatSettings Объект типа «SiteChatSettings».
Sites.showSiteCallSettings Объект типа «SiteCallSettings».
Sites.showSiteXWidgetSettings Объект типа «SiteXWidgetSettings».
Sites.updateSiteWidgetSettings Метод ничего не возвращает.
QuickMessages.show Объект типа «QuickMessage».
QuickMessages.update Метод ничего не возвращает.
QuickMessages.list Массив объектов типа «QuickMessage».
QuickMessages.delete Метод ничего не возвращает.
QuickMessages.add Объект типа «QuickMessage».
Products.list Массив объектов типа «Product».
Products.show Объект типа «Product».
InvitationRules.add Объект типа «InvitationRule».
InvitationRules.delete Метод ничего не возвращает.
InvitationRules.list Массив объектов типа «InvitationRule».
InvitationRules.update Метод ничего не возвращает.
InvitationRules.show Объект типа «InvitationRule».
VATInvoices.list Массив объектов типа «VATInvoice».
EmployeeChatMessages.list Массив объектов типа «EmployeeChatMessage».
InvitationRuleSiteBindings.list Массив объектов типа «InvitationRuleSiteBinding».
InvitationRuleSiteBindings.delete Метод ничего не возвращает.
InvitationRuleSiteBindings.update Метод ничего не возвращает.
InvitationRuleSiteBindings.show Объект типа «InvitationRuleSiteBinding».
InvitationRuleSiteBindings.add Объект типа «InvitationRuleSiteBinding».
Invoices.show Объект типа «Invoice».
Invoices.list Массив объектов типа «Invoice».
Chats.show Объект типа «Chat».
Сhats.list Массив объектов типа «Chat», а также, поле total_conversations.
Chats.setContactInfoExist Метод ничего не возвращает.
Locations.list Массив объектов типа «Location».
Leads.showRouted Объект типа «Lead».
Leads.unlock Boolean. True – снятие блокировки выполнено успешно. False – операция отклонена.
Leads.setCompleted Метод ничего не возвращает.
Leads.list Массив объектов типа «Lead».
Leads.show Объект типа «Lead».
Leads.add Объект типа «Lead».
Leads.listRouted Массив объектов типа «Lead».
Leads.lock Boolean. True – блокировка выполнена успешно. False – блокировка отклонена.
Periods.list Массив объектов типа «Period».
Periods.update Метод ничего не возвращает.
Payers.show Объект типа «Payer».
Payers.list Массив объектов типа «Payer».
Payers.transferBalance Метод ничего не возвращает.
Payers.update Метод ничего не возвращает.
Payers.add Объект типа «Payer».
Utils.batch Массив объектов типа «BatchResponse».
Payments.list Массив объектов типа «- Payment».
